Build started 14/2/2011 8:17:12 PM.
Project "D:\Projects\Win32\ClrPicker\ClrPicker\ClrPicker.vcxproj" on node 2 (build target(s)).
InitializeBuildStatus:
  Creating "Release\ClrPicker.unsuccessfulbuild" because "AlwaysCreate" was specified.
ClCompile:
  All outputs are up-to-date.
ResourceCompile:
  C:\Program Files\Microsoft SDKs\Windows\v7.0A\bin\rc.exe /D _UNICODE /D UNICODE /l"0x0409" /nologo /fo"Release\ClrPicker.res" ClrPicker.rc 
Link:
  C:\Program Files\Microsoft Visual Studio 10.0\VC\bin\link.exe /ERRORREPORT:PROMPT /OUT:"D:\Projects\Win32\ClrPicker\Release\ClrPicker.exe" /INCREMENTAL:NO /NOLOGO kernel32.lib user32.lib gdi32.lib winspool.lib comdlg32.lib advapi32.lib shell32.lib ole32.lib oleaut32.lib uuid.lib odbc32.lib odbccp32.lib /MANIFEST /ManifestFile:"Release\ClrPicker.exe.intermediate.manifest" /MANIFESTUAC:"level='asInvoker' uiAccess='false'" /DEBUG /PDB:"D:\Projects\Win32\ClrPicker\Release\ClrPicker.pdb" /SUBSYSTEM:WINDOWS /OPT:REF /OPT:ICF /LTCG /TLBID:1 /DYNAMICBASE /NXCOMPAT /IMPLIB:"D:\Projects\Win32\ClrPicker\Release\ClrPicker.lib" /MACHINE:X86 Release\ClrPicker.res
  Release\ClrPicker.obj
  Generating code
  Finished generating code
  ClrPicker.vcxproj -> D:\Projects\Win32\ClrPicker\Release\ClrPicker.exe
Manifest:
  C:\Program Files\Microsoft SDKs\Windows\v7.0A\bin\mt.exe /nologo /verbose /outputresource:"D:\Projects\Win32\ClrPicker\Release\ClrPicker.exe;#1" /manifest Release\ClrPicker.exe.intermediate.manifest
FinalizeBuildStatus:
  Deleting file "Release\ClrPicker.unsuccessfulbuild".
  Touching "Release\ClrPicker.lastbuildstate".
Done Building Project "D:\Projects\Win32\ClrPicker\ClrPicker\ClrPicker.vcxproj" (build target(s)).

Build succeeded.

Time Elapsed 00:00:04.16
