Build started 10/2/2010 7:51:38 PM.
Project "D:\Projects\Win32\StarcraftFix\StarcraftFix\StarcraftFix.vcxproj" on node 2 (build target(s)).
InitializeBuildStatus:
  Creating "Release\StarcraftFix.unsuccessfulbuild" because "AlwaysCreate" was specified.
ClCompile:
  C:\Program Files\Microsoft Visual Studio 10.0\VC\bin\CL.exe /c /Zi /nologo /W3 /WX- /O1 /Oi /Oy- /GL /D WIN32 /D NDEBUG /D _WINDOWS /D _UNICODE /D UNICODE /Gm- /EHsc /MT /GS /Gy /fp:precise /Zc:wchar_t /Zc:forScope /Fo"Release\\" /Fd"Release\vc100.pdb" /Gd /TC /analyze- /errorReport:prompt sccf.c
  sccf.c
ResourceCompile:
  All outputs are up-to-date.
Link:
  C:\Program Files\Microsoft Visual Studio 10.0\VC\bin\link.exe /ERRORREPORT:PROMPT /OUT:"D:\Projects\Win32\StarcraftFix\Release\StarcraftFix.exe" /INCREMENTAL:NO /NOLOGO kernel32.lib user32.lib gdi32.lib winspool.lib comdlg32.lib advapi32.lib shell32.lib ole32.lib oleaut32.lib uuid.lib odbc32.lib odbccp32.lib /MANIFEST /ManifestFile:"Release\StarcraftFix.exe.intermediate.manifest" /MANIFESTUAC:"level='asInvoker' uiAccess='false'" /DEBUG /PDB:"D:\Projects\Win32\StarcraftFix\Release\StarcraftFix.pdb" /SUBSYSTEM:WINDOWS /OPT:REF /OPT:ICF /LTCG /TLBID:1 /DYNAMICBASE /NXCOMPAT /IMPLIB:"D:\Projects\Win32\StarcraftFix\Release\StarcraftFix.lib" /MACHINE:X86 Release\sccf.res
  Release\sccf.obj
  Generating code
  Finished generating code
  StarcraftFix.vcxproj -> D:\Projects\Win32\StarcraftFix\Release\StarcraftFix.exe
Manifest:
  C:\Program Files\Microsoft SDKs\Windows\v7.0A\bin\mt.exe /nologo /verbose /outputresource:"D:\Projects\Win32\StarcraftFix\Release\StarcraftFix.exe;#1" /manifest Release\StarcraftFix.exe.intermediate.manifest
FinalizeBuildStatus:
  Deleting file "Release\StarcraftFix.unsuccessfulbuild".
  Touching "Release\StarcraftFix.lastbuildstate".
Done Building Project "D:\Projects\Win32\StarcraftFix\StarcraftFix\StarcraftFix.vcxproj" (build target(s)).

Build succeeded.

Time Elapsed 00:00:03.54
